#
# A fatal error has been detected by the Java Runtime Environment:
#
#  EXCEPTION_ACCESS_VIOLATION (0xc0000005) at pc=0x00007ffb563ac9f3, pid=17516, tid=11944
#
# JRE version: OpenJDK Runtime Environment (11.0.6+10) (build 11.0.6+10)
# Java VM: OpenJDK 64-Bit Server VM (11.0.6+10, mixed mode, tiered, compressed oops, g1 gc, windows-amd64)
# Problematic frame:
# C  [ig9icd64.dll+0x57c9f3]
#
# No core dump will be written. Minidumps are not enabled by default on client versions of Windows
#
# If you would like to submit a bug report, please visit:
#   https://github.com/AdoptOpenJDK/openjdk-support/issues
# The crash happened outside the Java Virtual Machine in native code.
# See problematic frame for where to report the bug.
#

---------------  S U M M A R Y ------------

Command Line: -Dfile.encoding=UTF-8 creaturerevisited.Main

Host: Intel(R) Core(TM) i7-8650U CPU @ 1.90GHz, 8 cores, 15G,  Windows 10 , 64 bit Build 18362 (10.0.18362.1916)
Time: Fri Apr 29 13:15:19 2022 Argentina Standard Time elapsed time: 3788 seconds (0d 1h 3m 8s)

---------------  T H R E A D  ---------------

Current thread (0x0000022e15772000):  JavaThread "jME3 Main" [_thread_in_native, id=11944, stack(0x000000d89ea00000,0x000000d89eb00000)]

Stack: [0x000000d89ea00000,0x000000d89eb00000],  sp=0x000000d89eafc030,  free space=1008k
Native frames: (J=compiled Java code, j=interpreted, Vv=VM code, C=native code)
C  [ig9icd64.dll+0x57c9f3]

Java frames: (J=compiled Java code, j=interpreted, Vv=VM code)
J 2513  org.lwjgl.opengl.GL12.nglDrawRangeElementsBO(IIIIIJJ)V (0 bytes) @ 0x0000022e07baf3b4 [0x0000022e07baf340+0x0000000000000074]
J 2724 c2 com.jme3.renderer.opengl.GLRenderer.drawTriangleList(Lcom/jme3/scene/VertexBuffer;Lcom/jme3/scene/Mesh;I)V (500 bytes) @ 0x0000022e07bdd300 [0x0000022e07bdd040+0x00000000000002c0]
J 2702 c2 com.jme3.renderer.opengl.GLRenderer.renderMeshDefault(Lcom/jme3/scene/Mesh;II[Lcom/jme3/scene/VertexBuffer;)V (242 bytes) @ 0x0000022e07bd9c68 [0x0000022e07bd9960+0x0000000000000308]
J 2777 c2 com.jme3.material.Material.render(Lcom/jme3/scene/Geometry;Lcom/jme3/light/LightList;Lcom/jme3/renderer/RenderManager;)V (130 bytes) @ 0x0000022e07bed7a8 [0x0000022e07becc20+0x0000000000000b88]
J 3335 c2 com.jme3.renderer.RenderManager.renderGeometry(Lcom/jme3/scene/Geometry;)V (241 bytes) @ 0x0000022e07cb7870 [0x0000022e07cb74c0+0x00000000000003b0]
J 3398 c2 com.jme3.renderer.queue.RenderQueue.renderGeometryList(Lcom/jme3/renderer/queue/GeometryList;Lcom/jme3/renderer/RenderManager;Lcom/jme3/renderer/Camera;Z)V (77 bytes) @ 0x0000022e07ce6c58 [0x0000022e07ce6320+0x0000000000000938]
J 3268 c2 com.jme3.renderer.RenderManager.renderViewPort(Lcom/jme3/renderer/ViewPort;F)V (620 bytes) @ 0x0000022e07c8f300 [0x0000022e07c8ea20+0x00000000000008e0]
J 3445 c2 com.jme3.app.SimpleApplication.update()V (235 bytes) @ 0x0000022e07cf4c74 [0x0000022e07cf3dc0+0x0000000000000eb4]
J 3886 c2 com.jme3.system.lwjgl.LwjglDisplay.runLoop()V (108 bytes) @ 0x0000022e07d17314 [0x0000022e07d17260+0x00000000000000b4]
J 3762% c2 com.jme3.system.lwjgl.LwjglAbstractDisplay.run()V (157 bytes) @ 0x0000022e07bf5290 [0x0000022e07bf5220+0x0000000000000070]
j  java.lang.Thread.run()V+11 java.base@11.0.6
v  ~StubRoutines::call_stub

siginfo: EXCEPTION_ACCESS_VIOLATION (0xc0000005), reading address 0x0000000000000000


Register to memory mapping:

RIP=0x00007ffb563ac9f3 ig9icd64.dll
RAX=0x0 is NULL
RBX=0x0000022e1582ec50 points into unknown readable memory: ff ff ff ff ff ff ff ff
RCX=0x0 is NULL
RDX=0x00000231ba0bfb30 points into unknown readable memory: 80 a5 8e 15 2e 02 00 00
RSP=0x000000d89eafc030 is pointing into the stack for thread: 0x0000022e15772000
RBP=0x0000022e158ea580 points into unknown readable memory: 00 a6 17 14 2e 02 00 00
RSI=0x00000231ba0bfb30 points into unknown readable memory: 80 a5 8e 15 2e 02 00 00
RDI=0x0000022e142174f0 points into unknown readable memory: 00 61 76 61 5f 6a 61 76
R8 =0x00000231ba0bfb30 points into unknown readable memory: 80 a5 8e 15 2e 02 00 00
R9 =0x0000022e15dd6e80 points into unknown readable memory: 00 84 cb 15 2e 02 00 00
R10=0x0 is NULL
R11=0x0000000000000246 is an unknown value
R12=0x0000022e15e0b7f0 points into unknown readable memory: 30 fb 0b ba 31 02 00 00
R13=0x0000022e142174f0 points into unknown readable memory: 00 61 76 61 5f 6a 61 76
R14=0x0000022e15e0b7e8 points into unknown readable memory: 00 00 1c bb 31 02 00 00
R15=0x0000022e142174f0 points into unknown readable memory: 00 61 76 61 5f 6a 61 76


Registers:
RAX=0x0000000000000000, RBX=0x0000022e1582ec50, RCX=0x0000000000000000, RDX=0x00000231ba0bfb30
RSP=0x000000d89eafc030, RBP=0x0000022e158ea580, RSI=0x00000231ba0bfb30, RDI=0x0000022e142174f0
R8 =0x00000231ba0bfb30, R9 =0x0000022e15dd6e80, R10=0x0000000000000000, R11=0x0000000000000246
R12=0x0000022e15e0b7f0, R13=0x0000022e142174f0, R14=0x0000022e15e0b7e8, R15=0x0000022e142174f0
RIP=0x00007ffb563ac9f3, EFLAGS=0x0000000000010202

Top of Stack: (sp=0x000000d89eafc030)
0x000000d89eafc030:   00000000c0000017 00007ffb563a99e6
0x000000d89eafc040:   00000231ba1d0050 00000231ba1d0050
0x000000d89eafc050:   0000000000000001 00007ffb56393235
0x000000d89eafc060:   00000231ba0bfb30 0000022e1582ec50
0x000000d89eafc070:   0000022e158ea580 0000000000000001
0x000000d89eafc080:   00000231ba1d0050 0000022e142176f8
0x000000d89eafc090:   0000000000000000 00007ffb563aa566
0x000000d89eafc0a0:   00000231ba1d0050 0000022e142174f0
0x000000d89eafc0b0:   00000231ba1d0050 00000231ba1d0120
0x000000d89eafc0c0:   0000022e158ea580 0000000000000001
0x000000d89eafc0d0:   0000022e158ea580 0000022e142174f0
0x000000d89eafc0e0:   0000000000000000 0000022e142174f0
0x000000d89eafc0f0:   00000231ba19a480 00007ffb56393610
0x000000d89eafc100:   00000231ba1d0050 0000022e1582ec50
0x000000d89eafc110:   00000231ba0bfb50 0000000000000000
0x000000d89eafc120:   0000000000000000 0000023100000000 

Instructions: (pc=0x00007ffb563ac9f3)
0x00007ffb563ac8f3:   00 48 8b 80 e0 02 00 00 ff 15 df 4c 56 00 48 29
0x00007ffb563ac903:   86 00 03 00 00 48 8b 8f a8 00 00 00 48 8b 51 08
0x00007ffb563ac913:   48 8b 01 48 89 02 48 8b 11 48 8b 41 08 48 89 42
0x00007ffb563ac923:   08 48 ff 8e f8 02 00 00 ba 18 00 00 00 e8 c3 21
0x00007ffb563ac933:   f9 ff 4c 8b c7 48 8d 54 24 40 48 8d 8e b0 02 00
0x00007ffb563ac943:   00 e8 b7 c0 a9 ff 48 c7 44 24 40 00 00 00 00 48
0x00007ffb563ac953:   8d 4c 24 40 ff 15 93 47 56 00 48 8b 44 24 40 48
0x00007ffb563ac963:   89 85 b8 00 00 00 eb 02 33 ed 48 8b cb ff 15 ba
0x00007ffb563ac973:   48 56 00 48 8b c5 48 8b 5c 24 48 48 8b 6c 24 50
0x00007ffb563ac983:   48 8b 74 24 58 48 83 c4 20 41 5e 41 5c 5f c3 cc
0x00007ffb563ac993:   cc cc cc cc cc cc cc cc cc cc cc cc cc 48 85 d2
0x00007ffb563ac9a3:   0f 84 f4 00 00 00 48 89 5c 24 08 48 89 74 24 18
0x00007ffb563ac9b3:   57 48 83 ec 20 48 8b f2 48 8b f9 48 8b 1d fb d6
0x00007ffb563ac9c3:   98 00 48 89 5c 24 38 48 8b cb ff 15 2d 47 56 00
0x00007ffb563ac9d3:   90 48 8b 87 80 02 00 00 48 89 86 18 05 00 00 48
0x00007ffb563ac9e3:   89 b7 80 02 00 00 ff 87 88 02 00 00 48 8b 4e 08
0x00007ffb563ac9f3:   48 8b 01 ba 01 00 00 00 48 8b 80 e0 02 00 00 ff
0x00007ffb563aca03:   15 d8 4b 56 00 48 01 87 a0 02 00 00 48 8b 4e 08
0x00007ffb563aca13:   48 8b 01 ba 01 00 00 00 48 8b 80 e0 02 00 00 ff
0x00007ffb563aca23:   15 b8 4b 56 00 0f b7 c8 48 8b 97 90 02 00 00 48
0x00007ffb563aca33:   2b d1 48 8d 88 00 00 01 00 48 03 ca 48 89 8f 90
0x00007ffb563aca43:   02 00 00 48 8b 87 00 03 00 00 48 03 87 a0 02 00
0x00007ffb563aca53:   00 48 8b 15 85 64 89 00 48 3b 82 30 07 00 00 77
0x00007ffb563aca63:   10 48 03 8f 08 03 00 00 48 3b 8a 38 07 00 00 76
0x00007ffb563aca73:   11 45 33 c9 45 33 c0 48 8b d7 33 c9 e8 ec f8 ff
0x00007ffb563aca83:   ff 90 48 8b cb ff 15 a2 47 56 00 48 8b 5c 24 30
0x00007ffb563aca93:   48 8b 74 24 40 48 83 c4 20 5f c3 cc cc 40 53 48
0x00007ffb563acaa3:   83 ec 70 4c 8b 94 24 a0 00 00 00 4d 8b d8 45 33
0x00007ffb563acab3:   c0 48 8b d9 41 8b c0 4d 85 d2 74 5e 0f 57 c0 ba
0x00007ffb563acac3:   ff 7f 00 00 0f 11 44 24 30 49 8b c2 90 66 44 39
0x00007ffb563acad3:   00 74 0a 48 83 c0 02 48 83 ea 01 75 f0 48 85 d2
0x00007ffb563acae3:   b9 0d 00 00 c0 41 0f 45 c8 74 1e 66 03 d2 4c 89 


Stack slot to memory mapping:
stack at sp + 0 slots: 0x00000000c0000017 is an unknown value
stack at sp + 1 slots: 0x00007ffb563a99e6 ig9icd64.dll
stack at sp + 2 slots: 0x00000231ba1d0050 points into unknown readable memory: 80 a5 8e 15 2e 02 00 00
stack at sp + 3 slots: 0x00000231ba1d0050 points into unknown readable memory: 80 a5 8e 15 2e 02 00 00
stack at sp + 4 slots: 0x0000000000000001 is an unknown value
stack at sp + 5 slots: 0x00007ffb56393235 ig9icd64.dll
stack at sp + 6 slots: 0x00000231ba0bfb30 points into unknown readable memory: 80 a5 8e 15 2e 02 00 00
stack at sp + 7 slots: 0x0000022e1582ec50 points into unknown readable memory: ff ff ff ff ff ff ff ff


---------------  P R O C E S S  ---------------

Threads class SMR info:
_java_thread_list=0x0000022f469e4c30, length=15, elements={
0x0000022e1317f800, 0x0000022e13181000, 0x0000022e13a83800, 0x0000022e13a84000,
0x0000022e13a85000, 0x0000022e13a8a800, 0x0000022e13a94800, 0x0000022e13c15800,
0x0000022e13c1a000, 0x0000022e14140000, 0x0000022e1414e800, 0x0000022e172d1800,
0x0000022e15772000, 0x0000022e6ed52800, 0x0000022e1573f000
}

Java Threads: ( => current thread )
  0x0000022e1317f800 JavaThread "Reference Handler" daemon [_thread_blocked, id=24280, stack(0x000000d89d400000,0x000000d89d500000)]
  0x0000022e13181000 JavaThread "Finalizer" daemon [_thread_blocked, id=14668, stack(0x000000d89d500000,0x000000d89d600000)]
  0x0000022e13a83800 JavaThread "Signal Dispatcher" daemon [_thread_blocked, id=19468, stack(0x000000d89d600000,0x000000d89d700000)]
  0x0000022e13a84000 JavaThread "Attach Listener" daemon [_thread_blocked, id=8580, stack(0x000000d89d700000,0x000000d89d800000)]
  0x0000022e13a85000 JavaThread "C2 CompilerThread0" daemon [_thread_blocked, id=12880, stack(0x000000d89d800000,0x000000d89d900000)]
  0x0000022e13a8a800 JavaThread "C1 CompilerThread0" daemon [_thread_blocked, id=22920, stack(0x000000d89d900000,0x000000d89da00000)]
  0x0000022e13a94800 JavaThread "Sweeper thread" daemon [_thread_blocked, id=21068, stack(0x000000d89da00000,0x000000d89db00000)]
  0x0000022e13c15800 JavaThread "Service Thread" daemon [_thread_blocked, id=3068, stack(0x000000d89db00000,0x000000d89dc00000)]
  0x0000022e13c1a000 JavaThread "Common-Cleaner" daemon [_thread_blocked, id=2468, stack(0x000000d89dd00000,0x000000d89de00000)]
  0x0000022e14140000 JavaThread "Java2D Disposer" daemon [_thread_blocked, id=15760, stack(0x000000d89de00000,0x000000d89df00000)]
  0x0000022e1414e800 JavaThread "AWT-Windows" daemon [_thread_in_native, id=14788, stack(0x000000d89e000000,0x000000d89e100000)]
  0x0000022e172d1800 JavaThread "TimerQueue" daemon [_thread_blocked, id=4796, stack(0x000000d89e400000,0x000000d89e500000)]
=>0x0000022e15772000 JavaThread "jME3 Main" [_thread_in_native, id=11944, stack(0x000000d89ea00000,0x000000d89eb00000)]
  0x0000022e6ed52800 JavaThread "DestroyJavaVM" [_thread_blocked, id=24376, stack(0x000000d89cd00000,0x000000d89ce00000)]
  0x0000022e1573f000 JavaThread "jME3 Audio Decoder" daemon [_thread_blocked, id=21288, stack(0x000000d89e900000,0x000000d89ea00000)]

Other Threads:
  0x0000022e1317d000 VMThread "VM Thread" [stack: 0x000000d89d300000,0x000000d89d400000] [id=9876]
  0x0000022e13c19000 WatcherThread [stack: 0x000000d89dc00000,0x000000d89dd00000] [id=21184]
  0x0000022e6ed68800 GCTaskThread "GC Thread#0" [stack: 0x000000d89ce00000,0x000000d89cf00000] [id=12076]
  0x0000022e15adc000 GCTaskThread "GC Thread#1" [stack: 0x000000d89e200000,0x000000d89e300000] [id=21904]
  0x0000022e15adc800 GCTaskThread "GC Thread#2" [stack: 0x000000d89e500000,0x000000d89e600000] [id=12152]
  0x0000022e15add000 GCTaskThread "GC Thread#3" [stack: 0x000000d89e600000,0x000000d89e700000] [id=22956]
  0x0000022e16056000 GCTaskThread "GC Thread#4" [stack: 0x000000d89e700000,0x000000d89e800000] [id=14448]
  0x0000022e16058800 GCTaskThread "GC Thread#5" [stack: 0x000000d89e800000,0x000000d89e900000] [id=21940]
  0x0000022e17505800 GCTaskThread "GC Thread#6" [stack: 0x000000d89ef00000,0x000000d89f000000] [id=19352]
  0x0000022e17503800 GCTaskThread "GC Thread#7" [stack: 0x000000d89f000000,0x000000d89f100000] [id=21672]
  0x0000022e6edc8000 ConcurrentGCThread "G1 Main Marker" [stack: 0x000000d89cf00000,0x000000d89d000000] [id=18124]
  0x0000022e6edca800 ConcurrentGCThread "G1 Conc#0" [stack: 0x000000d89d000000,0x000000d89d100000] [id=8900]
  0x0000022e6ee1e800 ConcurrentGCThread "G1 Refine#0" [stack: 0x000000d89d100000,0x000000d89d200000] [id=23780]
  0x0000022e13064000 ConcurrentGCThread "G1 Young RemSet Sampling" [stack: 0x000000d89d200000,0x000000d89d300000] [id=18928]

Threads with active compile tasks:

VM state:not at safepoint (normal execution)

VM Mutex/Monitor currently owned by a thread: None

Heap address: 0x0000000701e00000, size: 4066 MB, Compressed Oops mode: Zero based, Oop shift amount: 3
Narrow klass base: 0x0000000800000000, Narrow klass shift: 0
Compressed class space size: 1073741824 Address: 0x0000000800000000

Heap:
 garbage-first heap   total 145408K, used 119187K [0x0000000701e00000, 0x0000000800000000)
  region size 1024K, 64 young (65536K), 1 survivors (1024K)
 Metaspace       used 26921K, capacity 27487K, committed 27776K, reserved 1075200K
  class space    used 2674K, capacity 2905K, committed 2944K, reserved 1048576K
Heap Regions: E=young(eden), S=young(survivor), O=old, HS=humongous(starts), HC=humongous(continues), CS=collection set, F=free, A=archive, TAMS=top-at-mark-start (previous, next)
|   0|0x0000000701e00000, 0x0000000701f00000, 0x0000000701f00000|100%|HS|  |TAMS 0x0000000701e00000, 0x0000000701e00000| Untracked 
|   1|0x0000000701f00000, 0x0000000702000000, 0x0000000702000000|100%|HC|  |TAMS 0x0000000701f00000, 0x0000000701f00000| Untracked 
|   2|0x0000000702000000, 0x0000000702100000, 0x0000000702100000|100%|HS|  |TAMS 0x0000000702000000, 0x0000000702000000| Untracked 
|   3|0x0000000702100000, 0x0000000702200000, 0x0000000702200000|100%|HC|  |TAMS 0x0000000702100000, 0x0000000702100000| Untracked 
|   4|0x0000000702200000, 0x0000000702300000, 0x0000000702300000|100%| O|  |TAMS 0x0000000702200000, 0x0000000702200000| Untracked 
|   5|0x0000000702300000, 0x00000007023ffff8, 0x0000000702400000| 99%| O|  |TAMS 0x0000000702300000, 0x0000000702300000| Untracked 
|   6|0x0000000702400000, 0x00000007024d1328, 0x0000000702500000| 81%| O|  |TAMS 0x0000000702400000, 0x0000000702400000| Untracked 
|   7|0x0000000702500000, 0x000000070258e270, 0x0000000702600000| 55%| O|  |TAMS 0x0000000702500000, 0x0000000702500000| Untracked 
|   8|0x0000000702600000, 0x0000000702700000, 0x0000000702700000|100%| O|  |TAMS 0x0000000702600000, 0x0000000702600000| Untracked 
|   9|0x0000000702700000, 0x0000000702800000, 0x0000000702800000|100%| O|  |TAMS 0x0000000702700000, 0x0000000702700000| Untracked 
|  10|0x0000000702800000, 0x0000000702900000, 0x0000000702900000|100%| O|  |TAMS 0x0000000702800000, 0x0000000702800000| Untracked 
|  11|0x0000000702900000, 0x0000000702a00000, 0x0000000702a00000|100%| O|  |TAMS 0x0000000702900000, 0x0000000702900000| Untracked 
|  12|0x0000000702a00000, 0x0000000702b00000, 0x0000000702b00000|100%| O|  |TAMS 0x0000000702a00000, 0x0000000702a00000| Untracked 
|  13|0x0000000702b00000, 0x0000000702c00000, 0x0000000702c00000|100%| O|  |TAMS 0x0000000702b00000, 0x0000000702b00000| Untracked 
|  14|0x0000000702c00000, 0x0000000702d00000, 0x0000000702d00000|100%| O|  |TAMS 0x0000000702c00000, 0x0000000702c00000| Untracked 
|  15|0x0000000702d00000, 0x0000000702e00000, 0x0000000702e00000|100%| O|  |TAMS 0x0000000702d00000, 0x0000000702d00000| Untracked 
|  16|0x0000000702e00000, 0x0000000702f00000, 0x0000000702f00000|100%| O|  |TAMS 0x0000000702e00000, 0x0000000702e00000| Untracked 
|  17|0x0000000702f00000, 0x0000000703000000, 0x0000000703000000|100%| O|  |TAMS 0x0000000702f00000, 0x0000000702f00000| Untracked 
|  18|0x0000000703000000, 0x0000000703100000, 0x0000000703100000|100%| O|  |TAMS 0x0000000703000000, 0x0000000703000000| Untracked 
|  19|0x0000000703100000, 0x0000000703200000, 0x0000000703200000|100%| O|  |TAMS 0x0000000703100000, 0x0000000703100000| Untracked 
|  20|0x0000000703200000, 0x0000000703300000, 0x0000000703300000|100%| O|  |TAMS 0x0000000703200000, 0x0000000703200000| Untracked 
|  21|0x0000000703300000, 0x0000000703400000, 0x0000000703400000|100%| O|  |TAMS 0x0000000703300000, 0x0000000703300000| Untracked 
|  22|0x0000000703400000, 0x0000000703500000, 0x0000000703500000|100%| O|  |TAMS 0x0000000703400000, 0x0000000703400000| Untracked 
|  23|0x0000000703500000, 0x0000000703600000, 0x0000000703600000|100%| O|  |TAMS 0x0000000703500000, 0x0000000703500000| Untracked 
|  24|0x0000000703600000, 0x0000000703700000, 0x0000000703700000|100%| O|  |TAMS 0x0000000703600000, 0x0000000703600000| Untracked 
|  25|0x0000000703700000, 0x0000000703800000, 0x0000000703800000|100%| O|  |TAMS 0x0000000703700000, 0x0000000703700000| Untracked 
|  26|0x0000000703800000, 0x0000000703900000, 0x0000000703900000|100%| O|  |TAMS 0x0000000703800000, 0x0000000703800000| Untracked 
|  27|0x0000000703900000, 0x0000000703a00000, 0x0000000703a00000|100%| O|  |TAMS 0x0000000703900000, 0x0000000703900000| Untracked 
|  28|0x0000000703a00000, 0x0000000703b00000, 0x0000000703b00000|100%| O|  |TAMS 0x0000000703a00000, 0x0000000703a00000| Untracked 
|  29|0x0000000703b00000, 0x0000000703c00000, 0x0000000703c00000|100%| O|  |TAMS 0x0000000703b00000, 0x0000000703b00000| Untracked 
|  30|0x0000000703c00000, 0x0000000703d00000, 0x0000000703d00000|100%| O|  |TAMS 0x0000000703c00000, 0x0000000703c00000| Untracked 
|  31|0x0000000703d00000, 0x0000000703e00000, 0x0000000703e00000|100%| O|  |TAMS 0x0000000703d00000, 0x0000000703d00000| Untracked 
|  32|0x0000000703e00000, 0x0000000703f00000, 0x0000000703f00000|100%| O|  |TAMS 0x0000000703e00000, 0x0000000703e00000| Untracked 
|  33|0x0000000703f00000, 0x0000000704000000, 0x0000000704000000|100%| O|  |TAMS 0x0000000703f00000, 0x0000000703f00000| Untracked 
|  34|0x0000000704000000, 0x0000000704100000, 0x0000000704100000|100%| O|  |TAMS 0x0000000704000000, 0x0000000704000000| Untracked 
|  35|0x0000000704100000, 0x0000000704200000, 0x0000000704200000|100%| O|  |TAMS 0x0000000704100000, 0x0000000704100000| Untracked 
|  36|0x0000000704200000, 0x0000000704300000, 0x0000000704300000|100%| O|  |TAMS 0x0000000704200000, 0x0000000704200000| Untracked 
|  37|0x0000000704300000, 0x0000000704400000, 0x0000000704400000|100%| O|  |TAMS 0x0000000704300000, 0x0000000704300000| Untracked 
|  38|0x0000000704400000, 0x0000000704500000, 0x0000000704500000|100%| O|  |TAMS 0x0000000704400000, 0x0000000704400000| Untracked 
|  39|0x0000000704500000, 0x0000000704600000, 0x0000000704600000|100%| O|  |TAMS 0x0000000704500000, 0x0000000704500000| Untracked 
|  40|0x0000000704600000, 0x0000000704700000, 0x0000000704700000|100%| O|  |TAMS 0x0000000704600000, 0x0000000704600000| Untracked 
|  41|0x0000000704700000, 0x0000000704800000, 0x0000000704800000|100%| O|  |TAMS 0x0000000704700000, 0x0000000704700000| Untracked 
|  42|0x0000000704800000, 0x0000000704900000, 0x0000000704900000|100%| O|  |TAMS 0x0000000704800000, 0x0000000704800000| Untracked 
|  43|0x0000000704900000, 0x0000000704a00000, 0x0000000704a00000|100%| O|  |TAMS 0x0000000704900000, 0x0000000704900000| Untracked 
|  44|0x0000000704a00000, 0x0000000704b00000, 0x0000000704b00000|100%| O|  |TAMS 0x0000000704a00000, 0x0000000704a00000| Untracked 
|  45|0x0000000704b00000, 0x0000000704c00000, 0x0000000704c00000|100%| O|  |TAMS 0x0000000704b00000, 0x0000000704b00000| Untracked 
|  46|0x0000000704c00000, 0x0000000704d00000, 0x0000000704d00000|100%| O|  |TAMS 0x0000000704c00000, 0x0000000704c00000| Untracked 
|  47|0x0000000704d00000, 0x0000000704e00000, 0x0000000704e00000|100%| O|  |TAMS 0x0000000704d00000, 0x0000000704d00000| Untracked 
|  48|0x0000000704e00000, 0x0000000704f00000, 0x0000000704f00000|100%| O|  |TAMS 0x0000000704e00000, 0x0000000704e00000| Untracked 
|  49|0x0000000704f00000, 0x0000000705000000, 0x0000000705000000|100%| O|  |TAMS 0x0000000704f00000, 0x0000000704f00000| Untracked 
|  50|0x0000000705000000, 0x0000000705100000, 0x0000000705100000|100%| O|  |TAMS 0x0000000705000000, 0x0000000705000000| Untracked 
|  51|0x0000000705100000, 0x0000000705200000, 0x0000000705200000|100%| O|  |TAMS 0x0000000705100000, 0x0000000705100000| Untracked 
|  52|0x0000000705200000, 0x0000000705300000, 0x0000000705300000|100%| O|  |TAMS 0x0000000705200000, 0x0000000705200000| Untracked 
|  53|0x0000000705300000, 0x0000000705400000, 0x0000000705400000|100%|HS|  |TAMS 0x0000000705300000, 0x0000000705300000| Complete 
|  54|0x0000000705400000, 0x00000007054fd000, 0x0000000705500000| 98%| O|  |TAMS 0x0000000705400000, 0x0000000705400000| Untracked 
|  55|0x0000000705500000, 0x0000000705500000, 0x0000000705600000|  0%| F|  |TAMS 0x0000000705500000, 0x0000000705500000| Untracked 
|  56|0x0000000705600000, 0x0000000705600000, 0x0000000705700000|  0%| F|  |TAMS 0x0000000705600000, 0x0000000705600000| Untracked 
|  57|0x0000000705700000, 0x0000000705700000, 0x0000000705800000|  0%| F|  |TAMS 0x0000000705700000, 0x0000000705700000| Untracked 
|  58|0x0000000705800000, 0x0000000705800000, 0x0000000705900000|  0%| F|  |TAMS 0x0000000705800000, 0x0000000705800000| Untracked 
|  59|0x0000000705900000, 0x0000000705900000, 0x0000000705a00000|  0%| F|  |TAMS 0x0000000705900000, 0x0000000705900000| Untracked 
|  60|0x0000000705a00000, 0x0000000705a00000, 0x0000000705b00000|  0%| F|  |TAMS 0x0000000705a00000, 0x0000000705a00000| Untracked 
|  61|0x0000000705b00000, 0x0000000705b00000, 0x0000000705c00000|  0%| F|  |TAMS 0x0000000705b00000, 0x0000000705b00000| Untracked 
|  62|0x0000000705c00000, 0x0000000705c00000, 0x0000000705d00000|  0%| F|  |TAMS 0x0000000705c00000, 0x0000000705c00000| Untracked 
|  63|0x0000000705d00000, 0x0000000705d00000, 0x0000000705e00000|  0%| F|  |TAMS 0x0000000705d00000, 0x0000000705d00000| Untracked 
|  64|0x0000000705e00000, 0x0000000705e00000, 0x0000000705f00000|  0%| F|  |TAMS 0x0000000705e00000, 0x0000000705e00000| Untracked 
|  65|0x0000000705f00000, 0x0000000705f00000, 0x0000000706000000|  0%| F|  |TAMS 0x0000000705f00000, 0x0000000705f00000| Untracked 
|  66|0x0000000706000000, 0x0000000706000000, 0x0000000706100000|  0%| F|  |TAMS 0x0000000706000000, 0x0000000706000000| Untracked 
|  67|0x0000000706100000, 0x0000000706100000, 0x0000000706200000|  0%| F|  |TAMS 0x0000000706100000, 0x0000000706100000| Untracked 
|  68|0x0000000706200000, 0x0000000706200000, 0x0000000706300000|  0%| F|  |TAMS 0x0000000706200000, 0x0000000706200000| Untracked 
|  69|0x0000000706300000, 0x0000000706300000, 0x0000000706400000|  0%| F|  |TAMS 0x0000000706300000, 0x0000000706300000| Untracked 
|  70|0x0000000706400000, 0x0000000706408910, 0x0000000706500000|  3%| S|CS|TAMS 0x0000000706400000, 0x0000000706400000| Complete 
|  71|0x0000000706500000, 0x0000000706500000, 0x0000000706600000|  0%| F|  |TAMS 0x0000000706500000, 0x0000000706500000| Untracked 
|  72|0x0000000706600000, 0x0000000706600000, 0x0000000706700000|  0%| F|  |TAMS 0x0000000706600000, 0x0000000706600000| Untracked 
|  73|0x0000000706700000, 0x0000000706700000, 0x0000000706800000|  0%| F|  |TAMS 0x0000000706700000, 0x0000000706700000| Untracked 
|  74|0x0000000706800000, 0x0000000706800000, 0x0000000706900000|  0%| F|  |TAMS 0x0000000706800000, 0x0000000706800000| Untracked 
|  75|0x0000000706900000, 0x0000000706900000, 0x0000000706a00000|  0%| F|  |TAMS 0x0000000706900000, 0x0000000706900000| Untracked 
|  76|0x0000000706a00000, 0x0000000706a00000, 0x0000000706b00000|  0%| F|  |TAMS 0x0000000706a00000, 0x0000000706a00000| Untracked 
|  77|0x0000000706b00000, 0x0000000706b00000, 0x0000000706c00000|  0%| F|  |TAMS 0x0000000706b00000, 0x0000000706b00000| Untracked 
|  78|0x0000000706c00000, 0x0000000706c00000, 0x0000000706d00000|  0%| F|  |TAMS 0x0000000706c00000, 0x0000000706c00000| Untracked 
|  79|0x0000000706d00000, 0x0000000706d80800, 0x0000000706e00000| 50%| E|  |TAMS 0x0000000706d00000, 0x0000000706d00000| Complete 
|  80|0x0000000706e00000, 0x0000000706f00000, 0x0000000706f00000|100%| E|CS|TAMS 0x0000000706e00000, 0x0000000706e00000| Complete 
|  81|0x0000000706f00000, 0x0000000707000000, 0x0000000707000000|100%| E|CS|TAMS 0x0000000706f00000, 0x0000000706f00000| Complete 
|  82|0x0000000707000000, 0x0000000707100000, 0x0000000707100000|100%| E|CS|TAMS 0x0000000707000000, 0x0000000707000000| Complete 
|  83|0x0000000707100000, 0x0000000707200000, 0x0000000707200000|100%| E|CS|TAMS 0x0000000707100000, 0x0000000707100000| Complete 
|  84|0x0000000707200000, 0x0000000707300000, 0x0000000707300000|100%| E|CS|TAMS 0x0000000707200000, 0x0000000707200000| Complete 
|  85|0x0000000707300000, 0x0000000707400000, 0x0000000707400000|100%| E|CS|TAMS 0x0000000707300000, 0x0000000707300000| Complete 
|  86|0x0000000707400000, 0x0000000707500000, 0x0000000707500000|100%| E|CS|TAMS 0x0000000707400000, 0x0000000707400000| Complete 
|  87|0x0000000707500000, 0x0000000707600000, 0x0000000707600000|100%| E|CS|TAMS 0x0000000707500000, 0x0000000707500000| Complete 
|  88|0x0000000707600000, 0x0000000707700000, 0x0000000707700000|100%| E|CS|TAMS 0x0000000707600000, 0x0000000707600000| Complete 
|  89|0x0000000707700000, 0x0000000707800000, 0x0000000707800000|100%| E|CS|TAMS 0x0000000707700000, 0x0000000707700000| Complete 
|  90|0x0000000707800000, 0x0000000707900000, 0x0000000707900000|100%| E|CS|TAMS 0x0000000707800000, 0x0000000707800000| Complete 
|  91|0x0000000707900000, 0x0000000707a00000, 0x0000000707a00000|100%| E|CS|TAMS 0x0000000707900000, 0x0000000707900000| Complete 
|  92|0x0000000707a00000, 0x0000000707b00000, 0x0000000707b00000|100%| E|CS|TAMS 0x0000000707a00000, 0x0000000707a00000| Complete 
|  93|0x0000000707b00000, 0x0000000707c00000, 0x0000000707c00000|100%| E|CS|TAMS 0x0000000707b00000, 0x0000000707b00000| Complete 
|  94|0x0000000707c00000, 0x0000000707d00000, 0x0000000707d00000|100%| E|CS|TAMS 0x0000000707c00000, 0x0000000707c00000| Complete 
|  95|0x0000000707d00000, 0x0000000707e00000, 0x0000000707e00000|100%| E|CS|TAMS 0x0000000707d00000, 0x0000000707d00000| Complete 
|  96|0x0000000707e00000, 0x0000000707f00000, 0x0000000707f00000|100%| E|CS|TAMS 0x0000000707e00000, 0x0000000707e00000| Complete 
|  97|0x0000000707f00000, 0x0000000708000000, 0x0000000708000000|100%| E|CS|TAMS 0x0000000707f00000, 0x0000000707f00000| Complete 
|  98|0x0000000708000000, 0x0000000708100000, 0x0000000708100000|100%| E|CS|TAMS 0x0000000708000000, 0x0000000708000000| Complete 
|  99|0x0000000708100000, 0x0000000708200000, 0x0000000708200000|100%| E|CS|TAMS 0x0000000708100000, 0x0000000708100000| Complete 
| 100|0x0000000708200000, 0x0000000708300000, 0x0000000708300000|100%| E|CS|TAMS 0x0000000708200000, 0x0000000708200000| Complete 
| 101|0x0000000708300000, 0x0000000708400000, 0x0000000708400000|100%| E|CS|TAMS 0x0000000708300000, 0x0000000708300000| Complete 
| 102|0x0000000708400000, 0x0000000708500000, 0x0000000708500000|100%| E|CS|TAMS 0x0000000708400000, 0x0000000708400000| Complete 
| 103|0x0000000708500000, 0x0000000708600000, 0x0000000708600000|100%| E|CS|TAMS 0x0000000708500000, 0x0000000708500000| Complete 
| 104|0x0000000708600000, 0x0000000708700000, 0x0000000708700000|100%| E|CS|TAMS 0x0000000708600000, 0x0000000708600000| Complete 
| 105|0x0000000708700000, 0x0000000708800000, 0x0000000708800000|100%| E|CS|TAMS 0x0000000708700000, 0x0000000708700000| Complete 
| 106|0x0000000708800000, 0x0000000708900000, 0x0000000708900000|100%| E|CS|TAMS 0x0000000708800000, 0x0000000708800000| Complete 
| 107|0x0000000708900000, 0x0000000708a00000, 0x0000000708a00000|100%| E|CS|TAMS 0x0000000708900000, 0x0000000708900000| Complete 
| 108|0x0000000708a00000, 0x0000000708b00000, 0x0000000708b00000|100%| E|CS|TAMS 0x0000000708a00000, 0x0000000708a00000| Complete 
| 109|0x0000000708b00000, 0x0000000708c00000, 0x0000000708c00000|100%| E|CS|TAMS 0x0000000708b00000, 0x0000000708b00000| Complete 
| 110|0x0000000708c00000, 0x0000000708d00000, 0x0000000708d00000|100%| E|CS|TAMS 0x0000000708c00000, 0x0000000708c00000| Complete 
| 111|0x0000000708d00000, 0x0000000708e00000, 0x0000000708e00000|100%| E|CS|TAMS 0x0000000708d00000, 0x0000000708d00000| Complete 
| 112|0x0000000708e00000, 0x0000000708f00000, 0x0000000708f00000|100%| E|CS|TAMS 0x0000000708e00000, 0x0000000708e00000| Complete 
| 113|0x0000000708f00000, 0x0000000709000000, 0x0000000709000000|100%| E|CS|TAMS 0x0000000708f00000, 0x0000000708f00000| Complete 
| 114|0x0000000709000000, 0x0000000709100000, 0x0000000709100000|100%| E|CS|TAMS 0x0000000709000000, 0x0000000709000000| Complete 
| 115|0x0000000709100000, 0x0000000709200000, 0x0000000709200000|100%| E|CS|TAMS 0x0000000709100000, 0x0000000709100000| Complete 
| 116|0x0000000709200000, 0x0000000709300000, 0x0000000709300000|100%| E|CS|TAMS 0x0000000709200000, 0x0000000709200000| Complete 
| 117|0x0000000709300000, 0x0000000709400000, 0x0000000709400000|100%| E|CS|TAMS 0x0000000709300000, 0x0000000709300000| Complete 
| 118|0x0000000709400000, 0x0000000709500000, 0x0000000709500000|100%| E|CS|TAMS 0x0000000709400000, 0x0000000709400000| Complete 
| 119|0x0000000709500000, 0x0000000709600000, 0x0000000709600000|100%| E|CS|TAMS 0x0000000709500000, 0x0000000709500000| Complete 
| 120|0x0000000709600000, 0x0000000709700000, 0x0000000709700000|100%| E|CS|TAMS 0x0000000709600000, 0x0000000709600000| Complete 
| 121|0x0000000709700000, 0x0000000709800000, 0x0000000709800000|100%| E|CS|TAMS 0x0000000709700000, 0x0000000709700000| Complete 
| 122|0x0000000709800000, 0x0000000709900000, 0x0000000709900000|100%| E|CS|TAMS 0x0000000709800000, 0x0000000709800000| Complete 
| 123|0x0000000709900000, 0x0000000709a00000, 0x0000000709a00000|100%| E|CS|TAMS 0x0000000709900000, 0x0000000709900000| Complete 
| 124|0x0000000709a00000, 0x0000000709b00000, 0x0000000709b00000|100%| E|CS|TAMS 0x0000000709a00000, 0x0000000709a00000| Complete 
| 125|0x0000000709b00000, 0x0000000709c00000, 0x0000000709c00000|100%| E|CS|TAMS 0x0000000709b00000, 0x0000000709b00000| Complete 
| 126|0x0000000709c00000, 0x0000000709d00000, 0x0000000709d00000|100%| E|CS|TAMS 0x0000000709c00000, 0x0000000709c00000| Complete 
| 127|0x0000000709d00000, 0x0000000709e00000, 0x0000000709e00000|100%| E|CS|TAMS 0x0000000709d00000, 0x0000000709d00000| Complete 
| 128|0x0000000709e00000, 0x0000000709f00000, 0x0000000709f00000|100%| E|CS|TAMS 0x0000000709e00000, 0x0000000709e00000| Complete 
| 129|0x0000000709f00000, 0x000000070a000000, 0x000000070a000000|100%| E|CS|TAMS 0x0000000709f00000, 0x0000000709f00000| Complete 
| 130|0x000000070a000000, 0x000000070a100000, 0x000000070a100000|100%| E|CS|TAMS 0x000000070a000000, 0x000000070a000000| Complete 
| 131|0x000000070a100000, 0x000000070a200000, 0x000000070a200000|100%| E|CS|TAMS 0x000000070a100000, 0x000000070a100000| Complete 
| 132|0x000000070a200000, 0x000000070a300000, 0x000000070a300000|100%| E|CS|TAMS 0x000000070a200000, 0x000000070a200000| Complete 
| 133|0x000000070a300000, 0x000000070a400000, 0x000000070a400000|100%| E|CS|TAMS 0x000000070a300000, 0x000000070a300000| Complete 
| 134|0x000000070a400000, 0x000000070a500000, 0x000000070a500000|100%| E|CS|TAMS 0x000000070a400000, 0x000000070a400000| Complete 
| 135|0x000000070a500000, 0x000000070a600000, 0x000000070a600000|100%| E|CS|TAMS 0x000000070a500000, 0x000000070a500000| Complete 
| 136|0x000000070a600000, 0x000000070a700000, 0x000000070a700000|100%| E|CS|TAMS 0x000000070a600000, 0x000000070a600000| Complete 
| 137|0x000000070a700000, 0x000000070a800000, 0x000000070a800000|100%| E|CS|TAMS 0x000000070a700000, 0x000000070a700000| Complete 
| 138|0x000000070a800000, 0x000000070a900000, 0x000000070a900000|100%| E|CS|TAMS 0x000000070a800000, 0x000000070a800000| Complete 
| 139|0x000000070a900000, 0x000000070aa00000, 0x000000070aa00000|100%| E|CS|TAMS 0x000000070a900000, 0x000000070a900000| Complete 
| 140|0x000000070aa00000, 0x000000070ab00000, 0x000000070ab00000|100%| E|CS|TAMS 0x000000070aa00000, 0x000000070aa00000| Complete 
| 141|0x000000070ab00000, 0x000000070ac00000, 0x000000070ac00000|100%| E|CS|TAMS 0x000000070ab00000, 0x000000070ab00000| Complete 

Card table byte_map: [0x0000022e78650000,0x0000022e78e50000] _byte_map_base: 0x0000022e74e41000

Marking Bits (Prev, Next): (CMBitMap*) 0x0000022e6edb7588, (CMBitMap*) 0x0000022e6edb75c0
 Prev Bits: [0x0000022e79650000, 0x0000022e7d5d8000)
 Next Bits: [0x0000022e0f000000, 0x0000022e12f88000)

Polling page: 0x0000022e6ece0000

Metaspace:

Usage:
  Non-class:     24.01 MB capacity,    23.68 MB ( 99%) used,   272.20 KB (  1%) free+waste,    63.06 KB ( <1%) overhead. 
      Class:      2.84 MB capacity,     2.61 MB ( 92%) used,   199.35 KB (  7%) free+waste,    31.13 KB (  1%) overhead. 
       Both:     26.84 MB capacity,    26.29 MB ( 98%) used,   471.55 KB (  2%) free+waste,    94.19 KB ( <1%) overhead. 

Virtual space:
  Non-class space:       26.00 MB reserved,      24.25 MB ( 93%) committed 
      Class space:        1.00 GB reserved,       2.88 MB ( <1%) committed 
             Both:        1.03 GB reserved,      27.13 MB (  3%) committed 

Chunk freelists:
   Non-Class:  58.00 KB
       Class:  7.00 KB
        Both:  65.00 KB

MaxMetaspaceSize: 17179869184.00 GB
CompressedClassSpaceSize: 1.00 GB

CodeHeap 'non-profiled nmethods': size=120000Kb used=2347Kb max_used=2347Kb free=117652Kb
 bounds [0x0000022e07ad0000, 0x0000022e07d40000, 0x0000022e0f000000]
CodeHeap 'profiled nmethods': size=120000Kb used=5159Kb max_used=6992Kb free=114840Kb
 bounds [0x0000022e005a0000, 0x0000022e00c80000, 0x0000022e07ad0000]
CodeHeap 'non-nmethods': size=5760Kb used=1366Kb max_used=1395Kb free=4393Kb
 bounds [0x0000022e00000000, 0x0000022e00270000, 0x0000022e005a0000]
 total_blobs=6375 nmethods=3175 adapters=714
 compilation: enabled
              stopped_count=0, restarted_count=0
 full_count=0

Compilation events (20 events):
Event: 2367.435 Thread 0x0000022e13a85000 3888       4       jme3utilities.Validate::inRange (160 bytes)
Event: 2367.435 Thread 0x0000022e13a85000 nmethod 3888 0x0000022e07cc6810 code [0x0000022e07cc69a0, 0x0000022e07cc6a38]
Event: 2396.213 Thread 0x0000022e13a85000 3889       4       java.util.ArrayList::indexOfRange (71 bytes)
Event: 2396.214 Thread 0x0000022e13a85000 nmethod 3889 0x0000022e07cbc490 code [0x0000022e07cbc620, 0x0000022e07cbc758]
Event: 2396.231 Thread 0x0000022e13a85000 3890       4       com.jme3.util.NativeObjectManager::registerObject (86 bytes)
Event: 2396.247 Thread 0x0000022e13a85000 nmethod 3890 0x0000022e07cbb510 code [0x0000022e07cbb700, 0x0000022e07cbc108]
Event: 2455.539 Thread 0x0000022e13a85000 3891       4       com.jme3.scene.Node::attachChildAt (132 bytes)
Event: 2455.620 Thread 0x0000022e13a85000 nmethod 3891 0x0000022e07d18f90 code [0x0000022e07d19260, 0x0000022e07d1b700]
Event: 2481.583 Thread 0x0000022e13a85000 3892       4       com.jme3.scene.Node::setLightListRefresh (55 bytes)
Event: 2481.597 Thread 0x0000022e13a85000 nmethod 3892 0x0000022e07cce490 code [0x0000022e07cce660, 0x0000022e07cced88]
Event: 2560.581 Thread 0x0000022e13a85000 3893       4       com.jme3.scene.Mesh::setStatic (41 bytes)
Event: 2560.596 Thread 0x0000022e13a85000 nmethod 3893 0x0000022e07ccd790 code [0x0000022e07ccd960, 0x0000022e07cce0c8]
Event: 2699.935 Thread 0x0000022e13a85000 3894       4       java.lang.Class::reflectionData (43 bytes)
Event: 2699.959 Thread 0x0000022e13a85000 nmethod 3894 0x0000022e07ceba90 code [0x0000022e07cebc80, 0x0000022e07cec658]
Event: 2734.490 Thread 0x0000022e13a85000 3895       4       java.util.concurrent.ConcurrentHashMap::<init> (73 bytes)
Event: 2734.493 Thread 0x0000022e13a85000 nmethod 3895 0x0000022e07cbaf10 code [0x0000022e07cbb0e0, 0x0000022e07cbb2b8]
Event: 2827.320 Thread 0x0000022e13a85000 3897       4       com.jme3.bullet.joints.motors.RotationMotor::set (150 bytes)
Event: 2827.326 Thread 0x0000022e13a85000 nmethod 3897 0x0000022e07ccce10 code [0x0000022e07cccfc0, 0x0000022e07ccd0a8]
Event: 3558.071 Thread 0x0000022e13a85000 3898       4       creaturerevisited.MJCreature::EvaluateApproachVel (89 bytes)
Event: 3558.231 Thread 0x0000022e13a85000 nmethod 3898 0x0000022e07d1c910 code [0x0000022e07d1cc00, 0x0000022e07d1e750]

GC Heap History (20 events):
Event: 3743.093 GC heap before
{Heap before GC invocations=6741 (full 2):
 garbage-first heap   total 145408K, used 127398K [0x0000000701e00000, 0x0000000800000000)
  region size 1024K, 71 young (72704K), 1 survivors (1024K)
 Metaspace       used 26921K, capacity 27487K, committed 27776K, reserved 1075200K
  class space    used 2674K, capacity 2905K, committed 2944K, reserved 1048576K
}
Event: 3743.094 GC heap after
{Heap after GC invocations=6742 (full 2):
 garbage-first heap   total 145408K, used 55697K [0x0000000701e00000, 0x0000000800000000)
  region size 1024K, 1 young (1024K), 1 survivors (1024K)
 Metaspace       used 26921K, capacity 27487K, committed 27776K, reserved 1075200K
  class space    used 2674K, capacity 2905K, committed 2944K, reserved 1048576K
}
Event: 3745.496 GC heap before
{Heap before GC invocations=6742 (full 2):
 garbage-first heap   total 145408K, used 127377K [0x0000000701e00000, 0x0000000800000000)
  region size 1024K, 71 young (72704K), 1 survivors (1024K)
 Metaspace       used 26921K, capacity 27487K, committed 27776K, reserved 1075200K
  class space    used 2674K, capacity 2905K, committed 2944K, reserved 1048576K
}
Event: 3745.497 GC heap after
{Heap after GC invocations=6743 (full 2):
 garbage-first heap   total 145408K, used 55692K [0x0000000701e00000, 0x0000000800000000)
  region size 1024K, 1 young (1024K), 1 survivors (1024K)
 Metaspace       used 26921K, capacity 27487K, committed 27776K, reserved 1075200K
  class space    used 2674K, capacity 2905K, committed 2944K, reserved 1048576K
}
Event: 3747.786 GC heap before
{Heap before GC invocations=6743 (full 2):
 garbage-first heap   total 145408K, used 127372K [0x0000000701e00000, 0x0000000800000000)
  region size 1024K, 71 young (72704K), 1 survivors (1024K)
 Metaspace       used 26921K, capacity 27487K, committed 27776K, reserved 1075200K
  class space    used 2674K, capacity 2905K, committed 2944K, reserved 1048576K
}
Event: 3747.787 GC heap after
{Heap after GC invocations=6744 (full 2):
 garbage-first heap   total 145408K, used 55691K [0x0000000701e00000, 0x0000000800000000)
  region size 1024K, 1 young (1024K), 1 survivors (1024K)
 Metaspace       used 26921K, capacity 27487K, committed 27776K, reserved 1075200K
  class space    used 2674K, capacity 2905K, committed 2944K, reserved 1048576K
}
Event: 3750.397 GC heap before
{Heap before GC invocations=6744 (full 2):
 garbage-first heap   total 145408K, used 127371K [0x0000000701e00000, 0x0000000800000000)
  region size 1024K, 71 young (72704K), 1 survivors (1024K)
 Metaspace       used 26921K, capacity 27487K, committed 27776K, reserved 1075200K
  class space    used 2674K, capacity 2905K, committed 2944K, reserved 1048576K
}
Event: 3750.397 GC heap after
{Heap after GC invocations=6745 (full 2):
 garbage-first heap   total 145408K, used 55691K [0x0000000701e00000, 0x0000000800000000)
  region size 1024K, 1 young (1024K), 1 survivors (1024K)
 Metaspace       used 26921K, capacity 27487K, committed 27776K, reserved 1075200K
  class space    used 2674K, capacity 2905K, committed 2944K, reserved 1048576K
}
Event: 3752.855 GC heap before
{Heap before GC invocations=6745 (full 2):
 garbage-first heap   total 145408K, used 127371K [0x0000000701e00000, 0x0000000800000000)
  region size 1024K, 71 young (72704K), 1 survivors (1024K)
 Metaspace       used 26921K, capacity 27487K, committed 27776K, reserved 1075200K
  class space    used 2674K, capacity 2905K, committed 2944K, reserved 1048576K
}
Event: 3752.856 GC heap after
{Heap after GC invocations=6746 (full 2):
 garbage-first heap   total 145408K, used 55691K [0x0000000701e00000, 0x0000000800000000)
  region size 1024K, 1 young (1024K), 1 survivors (1024K)
 Metaspace       used 26921K, capacity 27487K, committed 27776K, reserved 1075200K
  class space    used 2674K, capacity 2905K, committed 2944K, reserved 1048576K
}
Event: 3755.418 GC heap before
{Heap before GC invocations=6746 (full 2):
 garbage-first heap   total 145408K, used 127371K [0x0000000701e00000, 0x0000000800000000)
  region size 1024K, 71 young (72704K), 1 survivors (1024K)
 Metaspace       used 26921K, capacity 27487K, committed 27776K, reserved 1075200K
  class space    used 2674K, capacity 2905K, committed 2944K, reserved 1048576K
}
Event: 3755.419 GC heap after
{Heap after GC invocations=6747 (full 2):
 garbage-first heap   total 145408K, used 55693K [0x0000000701e00000, 0x0000000800000000)
  region size 1024K, 1 young (1024K), 1 survivors (1024K)
 Metaspace       used 26921K, capacity 27487K, committed 27776K, reserved 1075200K
  class space    used 2674K, capacity 2905K, committed 2944K, reserved 1048576K
}
Event: 3757.938 GC heap before
{Heap before GC invocations=6747 (full 2):
 garbage-first heap   total 145408K, used 127373K [0x0000000701e00000, 0x0000000800000000)
  region size 1024K, 71 young (72704K), 1 survivors (1024K)
 Metaspace       used 26921K, capacity 27487K, committed 27776K, reserved 1075200K
  class space    used 2674K, capacity 2905K, committed 2944K, reserved 1048576K
}
Event: 3757.939 GC heap after
{Heap after GC invocations=6748 (full 2):
 garbage-first heap   total 145408K, used 55701K [0x0000000701e00000, 0x0000000800000000)
  region size 1024K, 1 young (1024K), 1 survivors (1024K)
 Metaspace       used 26921K, capacity 27487K, committed 27776K, reserved 1075200K
  class space    used 2674K, capacity 2905K, committed 2944K, reserved 1048576K
}
Event: 3760.487 GC heap before
{Heap before GC invocations=6748 (full 2):
 garbage-first heap   total 145408K, used 127381K [0x0000000701e00000, 0x0000000800000000)
  region size 1024K, 71 young (72704K), 1 survivors (1024K)
 Metaspace       used 26921K, capacity 27487K, committed 27776K, reserved 1075200K
  class space    used 2674K, capacity 2905K, committed 2944K, reserved 1048576K
}
Event: 3760.488 GC heap after
{Heap after GC invocations=6749 (full 2):
 garbage-first heap   total 145408K, used 55697K [0x0000000701e00000, 0x0000000800000000)
  region size 1024K, 1 young (1024K), 1 survivors (1024K)
 Metaspace       used 26921K, capacity 27487K, committed 27776K, reserved 1075200K
  class space    used 2674K, capacity 2905K, committed 2944K, reserved 1048576K
}
Event: 3762.827 GC heap before
{Heap before GC invocations=6749 (full 2):
 garbage-first heap   total 145408K, used 127377K [0x0000000701e00000, 0x0000000800000000)
  region size 1024K, 71 young (72704K), 1 survivors (1024K)
 Metaspace       used 26921K, capacity 27487K, committed 27776K, reserved 1075200K
  class space    used 2674K, capacity 2905K, committed 2944K, reserved 1048576K
}
Event: 3762.828 GC heap after
{Heap after GC invocations=6750 (full 2):
 garbage-first heap   total 145408K, used 55699K [0x0000000701e00000, 0x0000000800000000)
  region size 1024K, 1 young (1024K), 1 survivors (1024K)
 Metaspace       used 26921K, capacity 27487K, committed 27776K, reserved 1075200K
  class space    used 2674K, capacity 2905K, committed 2944K, reserved 1048576K
}
Event: 3765.258 GC heap before
{Heap before GC invocations=6750 (full 2):
 garbage-first heap   total 145408K, used 127379K [0x0000000701e00000, 0x0000000800000000)
  region size 1024K, 71 young (72704K), 1 survivors (1024K)
 Metaspace       used 26921K, capacity 27487K, committed 27776K, reserved 1075200K
  class space    used 2674K, capacity 2905K, committed 2944K, reserved 1048576K
}
Event: 3765.259 GC heap after
{Heap after GC invocations=6751 (full 2):
 garbage-first heap   total 145408K, used 55699K [0x0000000701e00000, 0x0000000800000000)
  region size 1024K, 1 young (1024K), 1 survivors (1024K)
 Metaspace       used 26921K, capacity 27487K, committed 27776K, reserved 1075200K
  class space    used 2674K, capacity 2905K, committed 2944K, reserved 1048576K
}

Deoptimization events (20 events):
Event: 904.871 Thread 0x0000022e15772000 DEOPT PACKING pc=0x0000022e07c0e998 sp=0x000000d89eafe630
Event: 904.871 Thread 0x0000022e15772000 DEOPT UNPACKING pc=0x0000022e000291af sp=0x000000d89eafe5d0 mode 2
Event: 1471.197 Thread 0x0000022e15772000 DEOPT PACKING pc=0x0000022e00a26ad4 sp=0x000000d89eafea90
Event: 1471.197 Thread 0x0000022e15772000 DEOPT UNPACKING pc=0x0000022e00028fce sp=0x000000d89eafe060 mode 0
Event: 2306.820 Thread 0x0000022e15772000 Uncommon trap: trap_request=0xffffff4d fr.pc=0x0000022e07cbbc50 relative=0x0000000000000af0
Event: 2306.820 Thread 0x0000022e15772000 Uncommon trap: reason=unstable_if action=reinterpret pc=0x0000022e07cbbc50 method=org.lwjgl.opengl.WindowsDisplay.isVisible()Z @ 4 c2
Event: 2306.820 Thread 0x0000022e15772000 DEOPT PACKING pc=0x0000022e07cbbc50 sp=0x000000d89eafee20
Event: 2306.820 Thread 0x0000022e15772000 DEOPT UNPACKING pc=0x0000022e000291af sp=0x000000d89eafed90 mode 2
Event: 2331.381 Thread 0x0000022e15772000 Uncommon trap: trap_request=0xffffff4d fr.pc=0x0000022e07cce4ec relative=0x0000000000000c8c
Event: 2331.381 Thread 0x0000022e15772000 Uncommon trap: reason=unstable_if action=reinterpret pc=0x0000022e07cce4ec method=org.lwjgl.opengl.WindowsDisplay.wasResized()Z @ 4 c2
Event: 2331.381 Thread 0x0000022e15772000 DEOPT PACKING pc=0x0000022e07cce4ec sp=0x000000d89eafee10
Event: 2331.381 Thread 0x0000022e15772000 DEOPT UNPACKING pc=0x0000022e000291af sp=0x000000d89eafed90 mode 2
Event: 2331.384 Thread 0x0000022e15772000 Uncommon trap: trap_request=0xffffff4d fr.pc=0x0000022e07d08aa0 relative=0x0000000000000460
Event: 2331.384 Thread 0x0000022e15772000 Uncommon trap: reason=unstable_if action=reinterpret pc=0x0000022e07d08aa0 method=com.jme3.system.lwjgl.LwjglDisplay.runLoop()V @ 72 c2
Event: 2331.384 Thread 0x0000022e15772000 DEOPT PACKING pc=0x0000022e07d08aa0 sp=0x000000d89eafeeb0
Event: 2331.384 Thread 0x0000022e15772000 DEOPT UNPACKING pc=0x0000022e000291af sp=0x000000d89eafee68 mode 2
Event: 2331.384 Thread 0x0000022e15772000 Uncommon trap: trap_request=0xffffff4d fr.pc=0x0000022e07ceb290 relative=0x00000000000018f0
Event: 2331.384 Thread 0x0000022e15772000 Uncommon trap: reason=unstable_if action=reinterpret pc=0x0000022e07ceb290 method=com.jme3.renderer.Camera.onFrameChange()V @ 516 c2
Event: 2331.385 Thread 0x0000022e15772000 DEOPT PACKING pc=0x0000022e07ceb290 sp=0x000000d89eafebc0
Event: 2331.385 Thread 0x0000022e15772000 DEOPT UNPACKING pc=0x0000022e000291af sp=0x000000d89eafeb98 mode 2

Classes redefined (0 events):
No events

Internal exceptions (20 events):
Event: 0.483 Thread 0x0000022e141ea000 Exception <a 'java/lang/NoSuchMethodError'{0x0000000711361558}: 'java.lang.Object java.lang.invoke.DirectMethodHandle$Holder.invokeStatic(java.lang.Object, java.lang.Object, java.lang.Object, java.lang.Object, java.lang.Object, java.lang.Object, java.lang
Event: 0.485 Thread 0x0000022e141ea000 Exception <a 'java/lang/NoSuchMethodError'{0x0000000711380548}: 'java.lang.Object java.lang.invoke.DirectMethodHandle$Holder.invokeStatic(java.lang.Object, java.lang.Object, java.lang.Object, java.lang.Object, java.lang.Object, java.lang.Object, java.lang
Event: 0.487 Thread 0x0000022e141ea000 Exception <a 'java/lang/NoSuchMethodError'{0x00000007113a0960}: 'java.lang.Object java.lang.invoke.DirectMethodHandle$Holder.invokeStatic(java.lang.Object, java.lang.Object, java.lang.Object, java.lang.Object, java.lang.Object, java.lang.Object, java.lang
Event: 0.494 Thread 0x0000022e141ea000 Exception <a 'java/lang/NoSuchMethodError'{0x000000071121b850}: 'java.lang.Object java.lang.invoke.DirectMethodHandle$Holder.invokeStatic(java.lang.Object, java.lang.Object, java.lang.Object, java.lang.Object, java.lang.Object, java.lang.Object, java.lang
Event: 0.495 Thread 0x0000022e141ea000 Exception <a 'java/lang/NoSuchMethodError'{0x0000000711227fa0}: 'java.lang.Object java.lang.invoke.DirectMethodHandle$Holder.invokeStatic(java.lang.Object, java.lang.Object, java.lang.Object, java.lang.Object, java.lang.Object, java.lang.Object, java.lang
Event: 0.502 Thread 0x0000022e141ea000 Exception <a 'java/lang/ClassNotFoundException'{0x000000071127b0b0}: com/sun/java/swing/plaf/windows/resources/spi/windowsProvider> (0x000000071127b0b0) thrown at [c:/cygwin64/tmp/openjdk-jdk11u-windows-x64-hotspot/workspace/build/src/src/hotspot/share/cl
Event: 0.694 Thread 0x0000022e141ea000 Exception <a 'java/lang/NoSuchMethodError'{0x0000000710e65ee0}: 'java.lang.Object java.lang.invoke.Invokers$Holder.linkToTargetMethod(java.lang.Object, int, java.lang.Object)'> (0x0000000710e65ee0) thrown at [c:/cygwin64/tmp/openjdk-jdk11u-windows-x64-hot
Event: 1.819 Thread 0x0000022e6ed52800 Exception <a 'java/lang/ClassNotFoundException'{0x0000000703821ae0}: sun/util/logging/resources/spi/loggingProvider> (0x0000000703821ae0) thrown at [c:/cygwin64/tmp/openjdk-jdk11u-windows-x64-hotspot/workspace/build/src/src/hotspot/share/classfile/systemD
Event: 1.842 Thread 0x0000022e6ed52800 Implicit null exception at 0x0000022e07b141f4 to 0x0000022e07b146fe
Event: 1.843 Thread 0x0000022e6ed52800 Implicit null exception at 0x0000022e07b119f4 to 0x0000022e07b11eea
Event: 2.173 Thread 0x0000022e15772000 Exception <a 'java/lang/NoSuchMethodError'{0x00000007032f7698}: 'int java.lang.invoke.DirectMethodHandle$Holder.invokeSpecialIFC(java.lang.Object, java.lang.Object, int)'> (0x00000007032f7698) thrown at [c:/cygwin64/tmp/openjdk-jdk11u-windows-x64-hotspot/
Event: 2.234 Thread 0x0000022e15772000 Exception <a 'java/security/PrivilegedActionException'{0x0000000703783648}> (0x0000000703783648) thrown at [c:/cygwin64/tmp/openjdk-jdk11u-windows-x64-hotspot/workspace/build/src/src/hotspot/share/prims/jvm.cpp, line 1297]
Event: 2.234 Thread 0x0000022e15772000 Exception <a 'java/security/PrivilegedActionException'{0x0000000703785df8}> (0x0000000703785df8) thrown at [c:/cygwin64/tmp/openjdk-jdk11u-windows-x64-hotspot/workspace/build/src/src/hotspot/share/prims/jvm.cpp, line 1297]
Event: 2.234 Thread 0x0000022e15772000 Exception <a 'java/security/PrivilegedActionException'{0x0000000703786db0}> (0x0000000703786db0) thrown at [c:/cygwin64/tmp/openjdk-jdk11u-windows-x64-hotspot/workspace/build/src/src/hotspot/share/prims/jvm.cpp, line 1297]
Event: 2.234 Thread 0x0000022e15772000 Exception <a 'java/security/PrivilegedActionException'{0x000000070378c3e8}> (0x000000070378c3e8) thrown at [c:/cygwin64/tmp/openjdk-jdk11u-windows-x64-hotspot/workspace/build/src/src/hotspot/share/prims/jvm.cpp, line 1297]
Event: 2.234 Thread 0x0000022e15772000 Exception <a 'java/security/PrivilegedActionException'{0x000000070378cfa8}> (0x000000070378cfa8) thrown at [c:/cygwin64/tmp/openjdk-jdk11u-windows-x64-hotspot/workspace/build/src/src/hotspot/share/prims/jvm.cpp, line 1297]
Event: 2.234 Thread 0x0000022e15772000 Exception <a 'java/security/PrivilegedActionException'{0x000000070378db28}> (0x000000070378db28) thrown at [c:/cygwin64/tmp/openjdk-jdk11u-windows-x64-hotspot/workspace/build/src/src/hotspot/share/prims/jvm.cpp, line 1297]
Event: 2.493 Thread 0x0000022e15772000 Exception <a 'java/lang/NoClassDefFoundError'{0x00000007032336f8}: com/simsilica/mathd/Vec3d> (0x00000007032336f8) thrown at [c:/cygwin64/tmp/openjdk-jdk11u-windows-x64-hotspot/workspace/build/src/src/hotspot/share/classfile/systemDictionary.cpp, line 220
Event: 6.333 Thread 0x0000022e17550000 Exception <a 'java/lang/NoClassDefFoundError'{0x0000000703835cd0}: com/simsilica/mathd/Vec3d> (0x0000000703835cd0) thrown at [c:/cygwin64/tmp/openjdk-jdk11u-windows-x64-hotspot/workspace/build/src/src/hotspot/share/classfile/systemDictionary.cpp, line 220
Event: 10.445 Thread 0x0000022e15772000 Implicit null exception at 0x0000022e07bf49bf to 0x0000022e07bf79c2

Events (20 events):
Event: 3743.093 Executing VM operation: G1CollectForAllocation
Event: 3743.094 Executing VM operation: G1CollectForAllocation done
Event: 3745.496 Executing VM operation: G1CollectForAllocation
Event: 3745.497 Executing VM operation: G1CollectForAllocation done
Event: 3747.786 Executing VM operation: G1CollectForAllocation
Event: 3747.787 Executing VM operation: G1CollectForAllocation done
Event: 3750.397 Executing VM operation: G1CollectForAllocation
Event: 3750.398 Executing VM operation: G1CollectForAllocation done
Event: 3752.855 Executing VM operation: G1CollectForAllocation
Event: 3752.856 Executing VM operation: G1CollectForAllocation done
Event: 3755.418 Executing VM operation: G1CollectForAllocation
Event: 3755.419 Executing VM operation: G1CollectForAllocation done
Event: 3757.938 Executing VM operation: G1CollectForAllocation
Event: 3757.939 Executing VM operation: G1CollectForAllocation done
Event: 3760.486 Executing VM operation: G1CollectForAllocation
Event: 3760.488 Executing VM operation: G1CollectForAllocation done
Event: 3762.827 Executing VM operation: G1CollectForAllocation
Event: 3762.828 Executing VM operation: G1CollectForAllocation done
Event: 3765.258 Executing VM operation: G1CollectForAllocation
Event: 3765.259 Executing VM operation: G1CollectForAllocation done


Dynamic libraries:
0x00007ff60b300000 - 0x00007ff60b30d000 	C:\jmonkeyplatform\jdk\bin\java.exe
0x00007ffbaeea0000 - 0x00007ffbaf090000 	C:\WINDOWS\SYSTEM32\ntdll.dll
0x00007ffbae5b0000 - 0x00007ffbae663000 	C:\WINDOWS\System32\KERNEL32.DLL
0x00007ffbacaf0000 - 0x00007ffbacd95000 	C:\WINDOWS\System32\KERNELBASE.dll
0x00007ffbac740000 - 0x00007ffbac83a000 	C:\WINDOWS\System32\ucrtbase.dll
0x00007ffb8a490000 - 0x00007ffb8a4a7000 	C:\jmonkeyplatform\jdk\bin\jli.dll
0x00007ffb7d7a0000 - 0x00007ffb7d7b6000 	C:\jmonkeyplatform\jdk\bin\VCRUNTIME140.dll
0x00007ffbad320000 - 0x00007ffbad4b4000 	C:\WINDOWS\System32\USER32.dll
0x00007ffbac710000 - 0x00007ffbac731000 	C:\WINDOWS\System32\win32u.dll
0x00007ffb91840000 - 0x00007ffb91ac4000 	C:\WINDOWS\WinSxS\amd64_microsoft.windows.common-controls_6595b64144ccf1df_6.0.18362.1977_none_9e80206be45c8f68\COMCTL32.dll
0x00007ffbacf40000 - 0x00007ffbacf66000 	C:\WINDOWS\System32\GDI32.dll
0x00007ffbae510000 - 0x00007ffbae5ae000 	C:\WINDOWS\System32\msvcrt.dll
0x00007ffbac8a0000 - 0x00007ffbaca38000 	C:\WINDOWS\System32\gdi32full.dll
0x00007ffbad4c0000 - 0x00007ffbad7f6000 	C:\WINDOWS\System32\combase.dll
0x00007ffbabed0000 - 0x00007ffbabf6e000 	C:\WINDOWS\System32\msvcp_win.dll
0x00007ffbae2b0000 - 0x00007ffbae3cf000 	C:\WINDOWS\System32\RPCRT4.dll
0x00007ffbabe40000 - 0x00007ffbabec4000 	C:\WINDOWS\System32\bcryptPrimitives.dll
0x00007ffbae6f0000 - 0x00007ffbae71e000 	C:\WINDOWS\System32\IMM32.DLL
0x0000022e6ed00000 - 0x0000022e6ed14000 	C:\WINDOWS\System32\umppc15103.dll
0x00007ffb97240000 - 0x00007ffb972db000 	C:\jmonkeyplatform\jdk\bin\msvcp140.dll
0x00007ffb56e10000 - 0x00007ffb578cc000 	C:\jmonkeyplatform\jdk\bin\server\jvm.dll
0x00007ffbaece0000 - 0x00007ffbaed83000 	C:\WINDOWS\System32\ADVAPI32.dll
0x00007ffbad200000 - 0x00007ffbad297000 	C:\WINDOWS\System32\sechost.dll
0x00007ffbae6e0000 - 0x00007ffbae6e8000 	C:\WINDOWS\System32\PSAPI.DLL
0x00007ffb8dab0000 - 0x00007ffb8dab9000 	C:\WINDOWS\SYSTEM32\WSOCK32.dll
0x00007ffbaec50000 - 0x00007ffbaecbf000 	C:\WINDOWS\System32\WS2_32.dll
0x00007ffba9880000 - 0x00007ffba98a4000 	C:\WINDOWS\SYSTEM32\WINMM.dll
0x00007ffbabb50000 - 0x00007ffbabb5a000 	C:\WINDOWS\SYSTEM32\VERSION.dll
0x00007ffba97a0000 - 0x00007ffba97cd000 	C:\WINDOWS\SYSTEM32\WINMMBASE.dll
0x00007ffbacef0000 - 0x00007ffbacf3a000 	C:\WINDOWS\System32\cfgmgr32.dll
0x00007ffbabdb0000 - 0x00007ffbabdc1000 	C:\WINDOWS\System32\kernel.appcore.dll
0x00007ffb98440000 - 0x00007ffb98450000 	C:\jmonkeyplatform\jdk\bin\verify.dll
0x00007ffbaa580000 - 0x00007ffbaa774000 	C:\WINDOWS\SYSTEM32\DBGHELP.DLL
0x00007ffb8f280000 - 0x00007ffb8f2aa000 	C:\WINDOWS\SYSTEM32\dbgcore.DLL
0x00007ffb982d0000 - 0x00007ffb982f8000 	C:\jmonkeyplatform\jdk\bin\java.dll
0x00007ffb98280000 - 0x00007ffb98297000 	C:\jmonkeyplatform\jdk\bin\zip.dll
0x00007ffb98430000 - 0x00007ffb9843a000 	C:\jmonkeyplatform\jdk\bin\jimage.dll
0x00007ffbad8b0000 - 0x00007ffbadf97000 	C:\WINDOWS\System32\SHELL32.dll
0x00007ffbad800000 - 0x00007ffbad8a9000 	C:\WINDOWS\System32\shcore.dll
0x00007ffbabf70000 - 0x00007ffbac6eb000 	C:\WINDOWS\System32\windows.storage.dll
0x00007ffbabdd0000 - 0x00007ffbabdee000 	C:\WINDOWS\System32\profapi.dll
0x00007ffbabd60000 - 0x00007ffbabdaa000 	C:\WINDOWS\System32\powrprof.dll
0x00007ffbabd50000 - 0x00007ffbabd60000 	C:\WINDOWS\System32\UMPDC.dll
0x00007ffbad1a0000 - 0x00007ffbad1f2000 	C:\WINDOWS\System32\shlwapi.dll
0x00007ffbac6f0000 - 0x00007ffbac707000 	C:\WINDOWS\System32\cryptsp.dll
0x00007ffb974a0000 - 0x00007ffb974b9000 	C:\jmonkeyplatform\jdk\bin\net.dll
0x00007ffb9a260000 - 0x00007ffb9a359000 	C:\WINDOWS\SYSTEM32\WINHTTP.dll
0x00007ffbab490000 - 0x00007ffbab4f7000 	C:\WINDOWS\system32\mswsock.dll
0x00007ffb97480000 - 0x00007ffb97492000 	C:\jmonkeyplatform\jdk\bin\nio.dll
0x00007ffb972e0000 - 0x00007ffb97479000 	C:\jmonkeyplatform\jdk\bin\awt.dll
0x00007ffbae020000 - 0x00007ffbae0e5000 	C:\WINDOWS\System32\OLEAUT32.dll
0x00007ffba9710000 - 0x00007ffba979f000 	C:\WINDOWS\SYSTEM32\apphelp.dll
0x00007ffba9c30000 - 0x00007ffba9cc9000 	C:\WINDOWS\system32\uxtheme.dll
0x00007ffbae3d0000 - 0x00007ffbae505000 	C:\WINDOWS\System32\MSCTF.dll
0x00007ffbacf70000 - 0x00007ffbad0c7000 	C:\WINDOWS\System32\ole32.dll
0x00007ffbaa060000 - 0x00007ffbaa08d000 	C:\WINDOWS\system32\DWMAPI.DLL
0x00007ffb763b0000 - 0x00007ffb76506000 	C:\WINDOWS\system32\opengl32.dll
0x00007ffb74110000 - 0x00007ffb7413c000 	C:\WINDOWS\SYSTEM32\GLU32.dll
0x00007ffbaa930000 - 0x00007ffbaa950000 	C:\WINDOWS\SYSTEM32\dxcore.dll
0x00007ffb96ed0000 - 0x00007ffb96ed9000 	C:\jmonkeyplatform\jdk\bin\prefs.dll
0x00007ffb970a0000 - 0x00007ffb97122000 	C:\jmonkeyplatform\jdk\bin\freetype.dll
0x00007ffb96ff0000 - 0x00007ffb97096000 	C:\jmonkeyplatform\jdk\bin\fontmanager.dll
0x00007ffb8cef0000 - 0x00007ffb8cf8b000 	C:\WINDOWS\System32\TextInputFramework.dll
0x00007ffba5a10000 - 0x00007ffba5d3a000 	C:\WINDOWS\System32\CoreUIComponents.dll
0x00007ffba9350000 - 0x00007ffba9424000 	C:\WINDOWS\System32\CoreMessaging.dll
0x00007ffbaaca0000 - 0x00007ffbaacd1000 	C:\WINDOWS\SYSTEM32\ntmarta.dll
0x00007ffba7060000 - 0x00007ffba71b2000 	C:\WINDOWS\SYSTEM32\wintypes.dll
0x00007ffb92b00000 - 0x00007ffb92da7000 	C:\WINDOWS\System32\iertutil.dll
0x00007ffb3aff0000 - 0x00007ffb3b1cc000 	C:\jmonkeyp\CreaturesRevisited\bulletjme.dll
0x0000022e14a40000 - 0x0000022e14aa4000 	C:\jmonkeyp\CreaturesRevisited\OpenAL64.dll
0x0000022e18af0000 - 0x0000022e18b43000 	C:\jmonkeyp\CreaturesRevisited\lwjgl64.dll
0x00007ffba6500000 - 0x00007ffba65ae000 	C:\WINDOWS\SYSTEM32\mscms.dll
0x00007ffbabc70000 - 0x00007ffbabc95000 	C:\WINDOWS\SYSTEM32\USERENV.dll
0x00007ffba63c0000 - 0x00007ffba63d7000 	C:\WINDOWS\SYSTEM32\ColorAdapterClient.dll
0x00007ffbae720000 - 0x00007ffbae7c2000 	C:\WINDOWS\System32\clbcatq.dll
0x00007ffba36d0000 - 0x00007ffba36ea000 	C:\Windows\System32\Windows.Internal.Graphics.Display.DisplayColorManagement.dll
0x00007ffb55e30000 - 0x00007ffb56e02000 	C:\WINDOWS\System32\DriverStore\FileRepository\iigd_dch.inf_amd64_c84afe165d971f24\ig9icd64.dll
0x00007ffbaa9c0000 - 0x00007ffbaaaab000 	C:\WINDOWS\system32\dxgi.dll
0x00007ffb9ede0000 - 0x00007ffb9f038000 	C:\WINDOWS\System32\DriverStore\FileRepository\iigd_dch.inf_amd64_c84afe165d971f24\igdgmm64.dll
0x00007ffb8a4b0000 - 0x00007ffb8a4f3000 	C:\WINDOWS\SYSTEM32\icm32.dll
0x00007ffb7bde0000 - 0x00007ffb7c1fa000 	C:\WINDOWS\System32\DriverStore\FileRepository\iigd_dch.inf_amd64_c84afe165d971f24\igdml64.dll
0x00007ffb9c100000 - 0x00007ffb9ede0000 	C:\WINDOWS\System32\DriverStore\FileRepository\iigd_dch.inf_amd64_c84afe165d971f24\igc64.dll
0x00007ffb9fdf0000 - 0x00007ffb9fe62000 	C:\WINDOWS\System32\MMDevApi.dll
0x00007ffbabb10000 - 0x00007ffbabb3a000 	C:\WINDOWS\System32\DEVOBJ.dll
0x00007ffb7a890000 - 0x00007ffb7a929000 	C:\WINDOWS\SYSTEM32\dsound.dll
0x00007ffb999b0000 - 0x00007ffb99b0e000 	C:\WINDOWS\SYSTEM32\AUDIOSES.DLL
0x00007ffba9f70000 - 0x00007ffba9f84000 	C:\WINDOWS\SYSTEM32\resourcepolicyclient.dll
0x00007ffb7d660000 - 0x00007ffb7d68d000 	C:\jmonkeyplatform\jdk\bin\javajpeg.dll

dbghelp: loaded successfully - version: 4.0.5 - missing functions: none
symbol engine: initialized successfully - sym options: 0x614 - pdb path: .;C:\jmonkeyplatform\jdk\bin;C:\WINDOWS\SYSTEM32;C:\WINDOWS\WinSxS\amd64_microsoft.windows.common-controls_6595b64144ccf1df_6.0.18362.1977_none_9e80206be45c8f68;C:\jmonkeyplatform\jdk\bin\server;C:\jmonkeyp\CreaturesRevisited;C:\WINDOWS\System32\DriverStore\FileRepository\iigd_dch.inf_amd64_c84afe165d971f24

VM Arguments:
jvm_args: -Dfile.encoding=UTF-8 
java_command: creaturerevisited.Main
java_class_path (initial): C:\jmonkeyplatform\jmonkeyplatform\libs\jme3-jogg-3.3.0-stable.jar;C:\jmonkeyplatform\jmonkeyplatform\libs\j-ogg-all-1.0.0.jar;C:\jmonkeyplatform\jmonkeyplatform\libs\jme3-networking-3.3.0-stable.jar;C:\jmonkeyplatform\jmonkeyplatform\libs\jme3-plugins-3.3.0-stable.jar;C:\jmonkeyplatform\jmonkeyplatform\libs\gson-2.8.1.jar;C:\jmonkeyplatform\jmonkeyplatform\libs\jme3-core-3.3.0-stable.jar;C:\jmonkeyplatform\jmonkeyplatform\libs\jme3-desktop-3.3.0-stable.jar;C:\jmonkeyplatform\jmonkeyplatform\libs\jme3-lwjgl-3.3.0-stable.jar;C:\jmonkeyplatform\jmonkeyplatform\libs\lwjgl-2.9.3.jar;C:\jmonkeyplatform\jmonkeyplatform\libs\jinput-2.0.5.jar;C:\jmonkeyplatform\jmonkeyplatform\libs\jinput-platform-2.0.5-natives-linux.jar;C:\jmonkeyplatform\jmonkeyplatform\libs\jinput-platform-2.0.5-natives-windows.jar;C:\jmonkeyplatform\jmonkeyplatform\libs\jinput-platform-2.0.5-natives-osx.jar;C:\jmonkeyplatform\jmonkeyplatform\libs\jutils-1.0.0.jar;C:\jmonkeyplatform\jmonkeyplatform\libs\lwjgl-platform-2.9.3-natives-windows.jar;C:\jmonkeyplatform\jmonkeyplatform\libs\lwjgl-platform-2.9.3-natives-linux.jar;C:\jmonkeyplatform\jmonkeyplatform\libs\lwjgl-platform-2.9.3-natives-osx.jar;C:\jmonkeyplatform\jmonkeyplatform\libs\jme3-testdata.jar;C:\jmonkeyplatform\jmonkeyplatform\libs\Heart-6.0.0.jar;C:\jmonkeyp\CreaturesRevisited\libs\Minie-4.8.0.jar;C:\jmonkeyp\CreaturesRevisited\build\classes;C:\jmonkeyp\CreaturesRevisited\assets
Launcher Type: SUN_STANDARD

[Global flags]
     intx CICompilerCount                          = 4                                         {product} {ergonomic}
     uint ConcGCThreads                            = 2                                         {product} {ergonomic}
     uint G1ConcRefinementThreads                  = 8                                         {product} {ergonomic}
   size_t G1HeapRegionSize                         = 1048576                                   {product} {ergonomic}
    uintx GCDrainStackTargetSize                   = 64                                        {product} {ergonomic}
   size_t InitialHeapSize                          = 268435456                                 {product} {ergonomic}
   size_t MarkStackSize                            = 4194304                                   {product} {ergonomic}
   size_t MaxHeapSize                              = 4263510016                                {product} {ergonomic}
   size_t MaxNewSize                               = 2557476864                                {product} {ergonomic}
   size_t MinHeapDeltaBytes                        = 1048576                                   {product} {ergonomic}
    uintx NonNMethodCodeHeapSize                   = 5836300                                {pd product} {ergonomic}
    uintx NonProfiledCodeHeapSize                  = 122910970                              {pd product} {ergonomic}
    uintx ProfiledCodeHeapSize                     = 122910970                              {pd product} {ergonomic}
    uintx ReservedCodeCacheSize                    = 251658240                              {pd product} {ergonomic}
     bool SegmentedCodeCache                       = true                                      {product} {ergonomic}
     bool UseCompressedClassPointers               = true                                 {lp64_product} {ergonomic}
     bool UseCompressedOops                        = true                                 {lp64_product} {ergonomic}
     bool UseG1GC                                  = true                                      {product} {ergonomic}
     bool UseLargePagesIndividualAllocation        = false                                  {pd product} {ergonomic}

Logging:
Log output configuration:
 #0: stdout all=warning uptime,level,tags
 #1: stderr all=off uptime,level,tags

Environment Variables:
PATH=C:\Program Files\Common Files\Oracle\Java\javapath;C:\Program Files (x86)\Common Files\Oracle\Java\javapath;C:\WINDOWS\system32;C:\WINDOWS;C:\WINDOWS\System32\Wbem;C:\WINDOWS\System32\WindowsPowerShell\v1.0\;C:\WINDOWS\System32\OpenSSH\;C:\Program Files (x86)\Intel\Intel(R) Management Engine Components\DAL;C:\Program Files\Intel\Intel(R) Management Engine Components\DAL;C:\Program Files\dotnet\;C:\Program Files\Microsoft SQL Server\130\Tools\Binn\;C:\Users\cristian.villalba\AppData\Roaming\nvm;C:\Program Files\nodejs;c:\wspan\swgw;C:\Program Files\Intel\WiFi\bin\;C:\Program Files\Common Files\Intel\WirelessCommon\;C:\Users\cristian.villalba\AppData\Roaming\Python\Python37\Scripts;C:\ProgramData\chocolatey\bin;C:\Program Files\Microsoft SQL Server\Client SDK\ODBC\170\Tools\Binn\;C:\Program Files\Microsoft SQL Server\Client SDK\ODBC\110\Tools\Binn\;c:\ffmpeg\bin\;C:\Program Files (x86)\Windows Kits\10\Windows Performance Toolkit\;C:\Program Files (x86)\Windows Live\Shared;C:\Program Files (x86)\Microchip\MPLAB IDE\VDI;C:\Program Files\CMake\bin;C:\PowerShell;C:\Program Files (x86)\Microsoft SQL Server\150\DTS\Binn\;C:\Program Files\Azure Data Studio\bin;C:\Program Files\Git\cmd;C:\Program Files\Amazon\AWSCLIV2\;C:\Users\cristian.villalba\scoop\shims;C:\Ruby27-x64\bin;C:\Users\cristian.villalba\AppData\Local\Microsoft\WindowsApps;C:\Users\cristian.villalba\AppData\Roaming\nvm;C:\Program Files\nodejs;C:\Users\cristian.villalba\AppData\Local\Programs\Microsoft VS Code\bin;C:\Users\cristian.villalba\.dotnet\tools;C:\Panda3D-1.10.7-x64\python;C:\Panda3D-1.10.7-x64\python\Scripts;C:\Panda3D-1.10.7-x64\bin;C:\Program Files\Azure Data Studio\bin;C:\Users\cristian.villalba\AppData\Local\Microsoft\WindowsApps;C:\Program Files (x86)\Sophos\Sophos SSL VPN Client\bin;C:\fp\swdir
USERNAME=Cristian.Villalba
OS=Windows_NT
PROCESSOR_IDENTIFIER=Intel64 Family 6 Model 142 Stepping 10, GenuineIntel



---------------  S Y S T E M  ---------------

OS: Windows 10 , 64 bit Build 18362 (10.0.18362.1916)
HyperV virtualization detected

CPU:total 8 (initial active 8) (4 cores per cpu, 2 threads per core) family 6 model 142 stepping 10, cmov, cx8, fxsr, mmx, sse, sse2, sse3, ssse3, sse4.1, sse4.2, popcnt, avx, avx2, aes, clmul, erms, rtm, 3dnowpref, lzcnt, ht, tsc, tscinvbit, bmi1, bmi2, adx, fma

Memory: 4k page, system-wide physical 16263M (7955M free)
TotalPageFile size 33312M (AvailPageFile size 11822M)
current process WorkingSet (physical memory assigned to process): 590M, peak: 6370M
current process commit charge ("private bytes"): 6846M, peak: 14673M

vm_info: OpenJDK 64-Bit Server VM (11.0.6+10) for windows-amd64 JRE (11.0.6+10), built on Jan 15 2020 06:14:58 by "" with MS VC++ 15.8 (VS2017)

END.
